<?xml version="1.0" encoding="UTF-8"?>
  <testsuite name="ClusterLoaderV2" tests="0" failures="0" errors="0" time="20.455">
      <testcase name="klastos-scheduler-throughput overall (/home/ubuntu/githubrepos/k8s-secure-scheduling/test/use-case/data-sovereignty-klastos/config-klastos.yaml)" classname="ClusterLoaderV2" time="20.443743034"></testcase>
      <testcase name="klastos-scheduler-throughput: [step: 01] Creating scheduler throughput measurements [00] - DirectSchedulingThroughput" classname="ClusterLoaderV2" time="0.070658621"></testcase>
      <testcase name="klastos-scheduler-throughput: [step: 01] Creating scheduler throughput measurements [01] - APIAvailability" classname="ClusterLoaderV2" time="0.021229933"></testcase>
      <testcase name="klastos-scheduler-throughput: [step: 01] Creating scheduler throughput measurements [02] - APIResponsivenessPrometheus" classname="ClusterLoaderV2" time="0.020195051"></testcase>
      <testcase name="klastos-scheduler-throughput: [step: 01] Creating scheduler throughput measurements [03] - SchedulingMetrics" classname="ClusterLoaderV2" time="0.077451722"></testcase>
      <testcase name="klastos-scheduler-throughput: [step: 01] Creating scheduler throughput measurements [04] - SchedulingThroughputPrometheus" classname="ClusterLoaderV2" time="0.02020169"></testcase>
      <testcase name="klastos-scheduler-throughput: [step: 01] Creating scheduler throughput measurements [05] - OPAAdmissionRequestDuration" classname="ClusterLoaderV2" time="0.019978715"></testcase>
      <testcase name="klastos-scheduler-throughput: [step: 02] create scheduler throughput pods" classname="ClusterLoaderV2" time="0.116456658"></testcase>
      <testcase name="klastos-scheduler-throughput: [step: 03] Waiting for scheduler throughput pods to be created [00] - WaitForDirectSchedulerThroughputPods" classname="ClusterLoaderV2" time="5.056001968"></testcase>
      <testcase name="klastos-scheduler-throughput: [step: 04] Collecting scheduler throughput measurements [00] - APIAvailability" classname="ClusterLoaderV2" time="0.003362021"></testcase>
      <testcase name="klastos-scheduler-throughput: [step: 04] Collecting scheduler throughput measurements [01] - APIResponsivenessPrometheus" classname="ClusterLoaderV2" time="0.123113777"></testcase>
      <testcase name="klastos-scheduler-throughput: [step: 04] Collecting scheduler throughput measurements [02] - SchedulingMetrics" classname="ClusterLoaderV2" time="0.09537281"></testcase>
      <testcase name="klastos-scheduler-throughput: [step: 04] Collecting scheduler throughput measurements [03] - DirectSchedulingThroughput" classname="ClusterLoaderV2" time="0.004173005"></testcase>
      <testcase name="klastos-scheduler-throughput: [step: 04] Collecting scheduler throughput measurements [04] - SchedulingThroughputPrometheus" classname="ClusterLoaderV2" time="0.026408102"></testcase>
      <testcase name="klastos-scheduler-throughput: [step: 04] Collecting scheduler throughput measurements [05] - OPAAdmissionRequestDuration" classname="ClusterLoaderV2" time="0.040744962"></testcase>
      <testcase name="klastos-scheduler-throughput: [step: 05] Delete scheduler throughput pods" classname="ClusterLoaderV2" time="0.043158392"></testcase>
  </testsuite>