<?xml version="1.0" encoding="UTF-8"?>
  <testsuite name="ClusterLoaderV2" tests="0" failures="0" errors="0" time="20.49">
      <testcase name="klastos-scheduler-throughput overall (/home/ubuntu/githubrepos/k8s-secure-scheduling/test/use-case/data-sovereignty-klastos/config-klastos.yaml)" classname="ClusterLoaderV2" time="20.478006118"></testcase>
      <testcase name="klastos-scheduler-throughput: [step: 01] Creating scheduler throughput measurements [00] - DirectSchedulingThroughput" classname="ClusterLoaderV2" time="0.07180409"></testcase>
      <testcase name="klastos-scheduler-throughput: [step: 01] Creating scheduler throughput measurements [01] - APIAvailability" classname="ClusterLoaderV2" time="0.020816966"></testcase>
      <testcase name="klastos-scheduler-throughput: [step: 01] Creating scheduler throughput measurements [02] - APIResponsivenessPrometheus" classname="ClusterLoaderV2" time="0.02083277"></testcase>
      <testcase name="klastos-scheduler-throughput: [step: 01] Creating scheduler throughput measurements [03] - SchedulingMetrics" classname="ClusterLoaderV2" time="0.073885866"></testcase>
      <testcase name="klastos-scheduler-throughput: [step: 01] Creating scheduler throughput measurements [04] - SchedulingThroughputPrometheus" classname="ClusterLoaderV2" time="0.02087308"></testcase>
      <testcase name="klastos-scheduler-throughput: [step: 01] Creating scheduler throughput measurements [05] - OPAAdmissionRequestDuration" classname="ClusterLoaderV2" time="0.020877952"></testcase>
      <testcase name="klastos-scheduler-throughput: [step: 02] create scheduler throughput pods" classname="ClusterLoaderV2" time="0.126757637"></testcase>
      <testcase name="klastos-scheduler-throughput: [step: 03] Waiting for scheduler throughput pods to be created [00] - WaitForDirectSchedulerThroughputPods" classname="ClusterLoaderV2" time="5.055129576"></testcase>
      <testcase name="klastos-scheduler-throughput: [step: 04] Collecting scheduler throughput measurements [00] - APIAvailability" classname="ClusterLoaderV2" time="0.007026167"></testcase>
      <testcase name="klastos-scheduler-throughput: [step: 04] Collecting scheduler throughput measurements [01] - APIResponsivenessPrometheus" classname="ClusterLoaderV2" time="0.135905123"></testcase>
      <testcase name="klastos-scheduler-throughput: [step: 04] Collecting scheduler throughput measurements [02] - SchedulingMetrics" classname="ClusterLoaderV2" time="0.088932045"></testcase>
      <testcase name="klastos-scheduler-throughput: [step: 04] Collecting scheduler throughput measurements [03] - DirectSchedulingThroughput" classname="ClusterLoaderV2" time="0.007247047"></testcase>
      <testcase name="klastos-scheduler-throughput: [step: 04] Collecting scheduler throughput measurements [04] - SchedulingThroughputPrometheus" classname="ClusterLoaderV2" time="0.032699232"></testcase>
      <testcase name="klastos-scheduler-throughput: [step: 04] Collecting scheduler throughput measurements [05] - OPAAdmissionRequestDuration" classname="ClusterLoaderV2" time="0.048065466"></testcase>
      <testcase name="klastos-scheduler-throughput: [step: 05] Delete scheduler throughput pods" classname="ClusterLoaderV2" time="0.046253307"></testcase>
  </testsuite>