<?xml version="1.0" encoding="UTF-8"?>
  <testsuite name="ClusterLoaderV2" tests="0" failures="0" errors="0" time="20.538">
      <testcase name="klastos-scheduler-throughput overall (/home/ubuntu/githubrepos/k8s-secure-scheduling/test/use-case/data-sovereignty-klastos/config-klastos.yaml)" classname="ClusterLoaderV2" time="20.457156003"></testcase>
      <testcase name="klastos-scheduler-throughput: [step: 01] Creating scheduler throughput measurements [00] - DirectSchedulingThroughput" classname="ClusterLoaderV2" time="0.071657669"></testcase>
      <testcase name="klastos-scheduler-throughput: [step: 01] Creating scheduler throughput measurements [01] - APIAvailability" classname="ClusterLoaderV2" time="0.021130351"></testcase>
      <testcase name="klastos-scheduler-throughput: [step: 01] Creating scheduler throughput measurements [02] - APIResponsivenessPrometheus" classname="ClusterLoaderV2" time="0.020552187"></testcase>
      <testcase name="klastos-scheduler-throughput: [step: 01] Creating scheduler throughput measurements [03] - SchedulingMetrics" classname="ClusterLoaderV2" time="0.089924228"></testcase>
      <testcase name="klastos-scheduler-throughput: [step: 01] Creating scheduler throughput measurements [04] - SchedulingThroughputPrometheus" classname="ClusterLoaderV2" time="0.02035941"></testcase>
      <testcase name="klastos-scheduler-throughput: [step: 01] Creating scheduler throughput measurements [05] - OPAAdmissionRequestDuration" classname="ClusterLoaderV2" time="0.021087109"></testcase>
      <testcase name="klastos-scheduler-throughput: [step: 02] create scheduler throughput pods" classname="ClusterLoaderV2" time="0.07546406"></testcase>
      <testcase name="klastos-scheduler-throughput: [step: 03] Waiting for scheduler throughput pods to be created [00] - WaitForDirectSchedulerThroughputPods" classname="ClusterLoaderV2" time="5.05265595"></testcase>
      <testcase name="klastos-scheduler-throughput: [step: 04] Collecting scheduler throughput measurements [00] - APIAvailability" classname="ClusterLoaderV2" time="0.010273345"></testcase>
      <testcase name="klastos-scheduler-throughput: [step: 04] Collecting scheduler throughput measurements [01] - APIResponsivenessPrometheus" classname="ClusterLoaderV2" time="0.156784398"></testcase>
      <testcase name="klastos-scheduler-throughput: [step: 04] Collecting scheduler throughput measurements [02] - SchedulingMetrics" classname="ClusterLoaderV2" time="0.084832919"></testcase>
      <testcase name="klastos-scheduler-throughput: [step: 04] Collecting scheduler throughput measurements [03] - DirectSchedulingThroughput" classname="ClusterLoaderV2" time="0.008266775"></testcase>
      <testcase name="klastos-scheduler-throughput: [step: 04] Collecting scheduler throughput measurements [04] - SchedulingThroughputPrometheus" classname="ClusterLoaderV2" time="0.030406007"></testcase>
      <testcase name="klastos-scheduler-throughput: [step: 04] Collecting scheduler throughput measurements [05] - OPAAdmissionRequestDuration" classname="ClusterLoaderV2" time="0.047193932"></testcase>
      <testcase name="klastos-scheduler-throughput: [step: 05] Delete scheduler throughput pods" classname="ClusterLoaderV2" time="0.048467921"></testcase>
  </testsuite>